2012.11.09 16:42 B C:\Users\admin\Documents\scan4job\applyedjobs.php <-- scan4jobs.com / applyedjobs.php
2012.11.09 16:42 B C:\Users\admin\Documents\scan4job\demo_test.php <-- scan4jobs.com / demo_test.php
2012.11.09 16:42 B C:\Users\admin\Documents\scan4job\favicon.ico <-- scan4jobs.com / favicon.ico
2012.11.09 16:42 B C:\Users\admin\Documents\scan4job\functions.php <-- scan4jobs.com / functions.php
2012.11.09 16:42 B C:\Users\admin\Documents\scan4job\index.php <-- scan4jobs.com / index.php
2012.11.09 16:42 B C:\Users\admin\Documents\scan4job\index15.php <-- scan4jobs.com / index15.php
2012.11.09 16:42 B C:\Users\admin\Documents\scan4job\index23.php <-- scan4jobs.com / index23.php
2012.11.09 16:42 B C:\Users\admin\Documents\scan4job\index28.php <-- scan4jobs.com / index28.php
2012.11.09 16:42 B C:\Users\admin\Documents\scan4job\indexorg.php <-- scan4jobs.com / indexorg.php
2012.11.09 16:42 B C:\Users\admin\Documents\scan4job\logo.ico <-- scan4jobs.com / logo.ico
2012.11.09 16:42 B C:\Users\admin\Documents\scan4job\logo4.ico <-- scan4jobs.com / logo4.ico
2012.11.09 16:42 B C:\Users\admin\Documents\scan4job\page_about.php <-- scan4jobs.com / page_about.php
2012.11.09 16:42 B C:\Users\admin\Documents\scan4job\page_activate.php <-- scan4jobs.com / page_activate.php
2012.11.09 16:42 B C:\Users\admin\Documents\scan4job\page_advance_search.php <-- scan4jobs.com / page_advance_search.php
2012.11.09 16:42 B C:\Users\admin\Documents\scan4job\page_advance_search16.php <-- scan4jobs.com / page_advance_search16.php
2012.11.09 16:42 B C:\Users\admin\Documents\scan4job\page_all_jobs.php <-- scan4jobs.com / page_all_jobs.php
2012.11.09 16:42 B C:\Users\admin\Documents\scan4job\page_apply.php <-- scan4jobs.com / page_apply.php
2012.11.09 16:42 B C:\Users\admin\Documents\scan4job\page_career.php <-- scan4jobs.com / page_career.php
2012.11.09 16:42 B C:\Users\admin\Documents\scan4job\page_category.php <-- scan4jobs.com / page_category.php
2012.11.09 16:42 B C:\Users\admin\Documents\scan4job\page_category15.php <-- scan4jobs.com / page_category15.php
2012.11.09 16:42 B C:\Users\admin\Documents\scan4job\page_changepassword.php <-- scan4jobs.com / page_changepassword.php
2012.11.09 16:42 B C:\Users\admin\Documents\scan4job\page_changepassworda.php <-- scan4jobs.com / page_changepassworda.php
2012.11.09 16:42 B C:\Users\admin\Documents\scan4job\page_cities.php <-- scan4jobs.com / page_cities.php
2012.11.09 16:42 B C:\Users\admin\Documents\scan4job\page_city.php <-- scan4jobs.com / page_city.php
2012.11.09 16:42 B C:\Users\admin\Documents\scan4job\page_companies.php <-- scan4jobs.com / page_companies.php
2012.11.09 16:42 B C:\Users\admin\Documents\scan4job\page_company.php <-- scan4jobs.com / page_company.php
2012.11.09 16:42 B C:\Users\admin\Documents\scan4job\page_deactivate.php <-- scan4jobs.com / page_deactivate.php
2012.11.09 16:42 B C:\Users\admin\Documents\scan4job\page_detaillogin.php <-- scan4jobs.com / page_detaillogin.php
2012.11.09 16:42 B C:\Users\admin\Documents\scan4job\page_detailregistration.php <-- scan4jobs.com / page_detailregistration.php
2012.11.09 16:42 B C:\Users\admin\Documents\scan4job\page_forgotpassword.php <-- scan4jobs.com / page_forgotpassword.php
2012.11.09 16:42 B C:\Users\admin\Documents\scan4job\page_full_registration.php <-- scan4jobs.com / page_full_registration.php
2012.11.09 16:42 B C:\Users\admin\Documents\scan4job\page_getcompanies.php <-- scan4jobs.com / page_getcompanies.php
2012.11.09 16:42 B C:\Users\admin\Documents\scan4job\page_home.php <-- scan4jobs.com / page_home.php
2012.11.09 16:42 B C:\Users\admin\Documents\scan4job\page_job.php <-- scan4jobs.com / page_job.php
2012.11.09 16:42 B C:\Users\admin\Documents\scan4job\page_job15.php <-- scan4jobs.com / page_job15.php
2012.11.09 16:42 B C:\Users\admin\Documents\scan4job\page_jobs.php <-- scan4jobs.com / page_jobs.php
2012.11.09 16:42 B C:\Users\admin\Documents\scan4job\page_login.php <-- scan4jobs.com / page_login.php
2012.11.09 16:42 B C:\Users\admin\Documents\scan4job\page_myprofile.php <-- scan4jobs.com / page_myprofile.php
2012.11.09 16:42 B C:\Users\admin\Documents\scan4job\page_other_cities.php <-- scan4jobs.com / page_other_cities.php
2012.11.09 16:42 B C:\Users\admin\Documents\scan4job\page_page.php <-- scan4jobs.com / page_page.php
2012.11.09 16:42 B C:\Users\admin\Documents\scan4job\page_privacy.php <-- scan4jobs.com / page_privacy.php
2012.11.09 16:42 B C:\Users\admin\Documents\scan4job\page_publish.php <-- scan4jobs.com / page_publish.php
2012.11.09 16:42 B C:\Users\admin\Documents\scan4job\page_register.php <-- scan4jobs.com / page_register.php
2012.11.09 16:42 B C:\Users\admin\Documents\scan4job\page_registesr.php <-- scan4jobs.com / page_registesr.php
2012.11.09 16:42 B C:\Users\admin\Documents\scan4job\page_reportspam.php <-- scan4jobs.com / page_reportspam.php
2012.11.09 16:42 B C:\Users\admin\Documents\scan4job\page_rss.php <-- scan4jobs.com / page_rss.php
2012.11.09 16:42 B C:\Users\admin\Documents\scan4job\page_search.php <-- scan4jobs.com / page_search.php
2012.11.09 16:42 B C:\Users\admin\Documents\scan4job\page_sendtofriend.php <-- scan4jobs.com / page_sendtofriend.php
2012.11.09 16:42 B C:\Users\admin\Documents\scan4job\page_services.php <-- scan4jobs.com / page_services.php
2012.11.09 16:42 B C:\Users\admin\Documents\scan4job\page_success.php <-- scan4jobs.com / page_success.php
2012.11.09 16:42 B C:\Users\admin\Documents\scan4job\page_terms.php <-- scan4jobs.com / page_terms.php
2012.11.09 16:42 B C:\Users\admin\Documents\scan4job\page_useredit.php <-- scan4jobs.com / page_useredit.php
2012.11.09 16:42 B C:\Users\admin\Documents\scan4job\page_verify.php <-- scan4jobs.com / page_verify.php
2012.11.09 16:42 B C:\Users\admin\Documents\scan4job\page_write.php <-- scan4jobs.com / page_write.php
2012.11.09 16:42 B C:\Users\admin\Documents\scan4job\phpinfo.php <-- scan4jobs.com / phpinfo.php
2012.11.09 16:42 B C:\Users\admin\Documents\scan4job\robots.txt <-- scan4jobs.com / robots.txt
2012.11.09 16:42 B C:\Users\admin\Documents\scan4job\state.php <-- scan4jobs.com / state.php
2012.11.09 16:42 B C:\Users\admin\Documents\scan4job\way2smsapi.php <-- scan4jobs.com / way2smsapi.php
2012.11.09 16:42 B C:\Users\admin\Documents\scan4job\webformmailer.php <-- scan4jobs.com / webformmailer.php
2012.11.09 16:42 B C:\Users\admin\Documents\scan4job\welcome.html <-- scan4jobs.com / welcome.html
2012.11.09 16:42 B C:\Users\admin\Documents\scan4job\welcome.php <-- scan4jobs.com / welcome.php
