2012.08.23 21:57 B C:\Users\srilakshmi\Desktop\jobberbase-1_9_1\jobberbase-1.9.1\public\_templates\default\img\ajax-loader.gif --> scan4jobs.com /_templates/default/img ajax-loader.gif
2012.08.23 21:57 B C:\Users\srilakshmi\Desktop\jobberbase-1_9_1\jobberbase-1.9.1\public\_templates\default\img\bg-applied.png --> scan4jobs.com /_templates/default/img bg-applied.png
2012.08.23 21:57 B C:\Users\srilakshmi\Desktop\jobberbase-1_9_1\jobberbase-1.9.1\public\_templates\default\img\bg-body.png --> scan4jobs.com /_templates/default/img bg-body.png
2012.08.23 21:57 B C:\Users\srilakshmi\Desktop\jobberbase-1_9_1\jobberbase-1.9.1\public\_templates\default\img\bg-box.png --> scan4jobs.com /_templates/default/img bg-box.png
2012.08.23 21:57 B C:\Users\srilakshmi\Desktop\jobberbase-1_9_1\jobberbase-1.9.1\public\_templates\default\img\bg-search.png --> scan4jobs.com /_templates/default/img bg-search.png
2012.08.23 21:57 B C:\Users\srilakshmi\Desktop\jobberbase-1_9_1\jobberbase-1.9.1\public\_templates\default\img\bt-post.png --> scan4jobs.com /_templates/default/img bt-post.png
2012.08.23 21:57 B C:\Users\srilakshmi\Desktop\jobberbase-1_9_1\jobberbase-1.9.1\public\_templates\default\img\bt-rss.png --> scan4jobs.com /_templates/default/img bt-rss.png
2012.08.23 21:57 B C:\Users\srilakshmi\Desktop\jobberbase-1_9_1\jobberbase-1.9.1\public\_templates\default\img\clock.gif --> scan4jobs.com /_templates/default/img clock.gif
2012.08.23 21:57 B C:\Users\srilakshmi\Desktop\jobberbase-1_9_1\jobberbase-1.9.1\public\_templates\default\img\footer-bg.png --> scan4jobs.com /_templates/default/img footer-bg.png
2012.08.23 21:57 B C:\Users\srilakshmi\Desktop\jobberbase-1_9_1\jobberbase-1.9.1\public\_templates\default\img\header-bg.png --> scan4jobs.com /_templates/default/img header-bg.png
2012.08.23 21:57 B C:\Users\srilakshmi\Desktop\jobberbase-1_9_1\jobberbase-1.9.1\public\_templates\default\img\icon-delete.png --> scan4jobs.com /_templates/default/img icon-delete.png
2012.08.23 21:57 B C:\Users\srilakshmi\Desktop\jobberbase-1_9_1\jobberbase-1.9.1\public\_templates\default\img\icon-freelance.png --> scan4jobs.com /_templates/default/img icon-freelance.png
2012.08.23 21:57 B C:\Users\srilakshmi\Desktop\jobberbase-1_9_1\jobberbase-1.9.1\public\_templates\default\img\icon-fulltime.png --> scan4jobs.com /_templates/default/img icon-fulltime.png
2012.08.23 21:57 B C:\Users\srilakshmi\Desktop\jobberbase-1_9_1\jobberbase-1.9.1\public\_templates\default\img\icon-parttime.png --> scan4jobs.com /_templates/default/img icon-parttime.png
2012.08.23 21:57 B C:\Users\srilakshmi\Desktop\jobberbase-1_9_1\jobberbase-1.9.1\public\_templates\default\img\icon-spotlight.png --> scan4jobs.com /_templates/default/img icon-spotlight.png
2012.08.23 21:57 B C:\Users\srilakshmi\Desktop\jobberbase-1_9_1\jobberbase-1.9.1\public\_templates\default\img\jobber-logo.gif --> scan4jobs.com /_templates/default/img jobber-logo.gif
2012.08.23 21:57 B C:\Users\srilakshmi\Desktop\jobberbase-1_9_1\jobberbase-1.9.1\public\_templates\default\img\sd_left.gif --> scan4jobs.com /_templates/default/img sd_left.gif
2012.08.23 21:57 B C:\Users\srilakshmi\Desktop\jobberbase-1_9_1\jobberbase-1.9.1\public\_templates\default\img\sd_right.gif --> scan4jobs.com /_templates/default/img sd_right.gif
2012.08.24 12:36 B C:\xampp\htdocs\jobberbase\public\_templates\default\img\ajax-loader.gif --> scan4jobs.com /_templates/default/img ajax-loader.gif
2012.08.24 12:36 B C:\xampp\htdocs\jobberbase\public\_templates\default\img\bg-applied.png --> scan4jobs.com /_templates/default/img bg-applied.png
2012.08.24 12:36 B C:\xampp\htdocs\jobberbase\public\_templates\default\img\bg-body.png --> scan4jobs.com /_templates/default/img bg-body.png
2012.08.24 12:36 B C:\xampp\htdocs\jobberbase\public\_templates\default\img\bg-box.png --> scan4jobs.com /_templates/default/img bg-box.png
2012.08.24 12:36 B C:\xampp\htdocs\jobberbase\public\_templates\default\img\bg-search.png --> scan4jobs.com /_templates/default/img bg-search.png
2012.08.24 12:36 B C:\xampp\htdocs\jobberbase\public\_templates\default\img\bt-post.png --> scan4jobs.com /_templates/default/img bt-post.png
2012.08.24 12:36 B C:\xampp\htdocs\jobberbase\public\_templates\default\img\bt-rss.png --> scan4jobs.com /_templates/default/img bt-rss.png
2012.08.24 12:36 B C:\xampp\htdocs\jobberbase\public\_templates\default\img\clock.gif --> scan4jobs.com /_templates/default/img clock.gif
2012.08.24 12:36 B C:\xampp\htdocs\jobberbase\public\_templates\default\img\footer-bg.png --> scan4jobs.com /_templates/default/img footer-bg.png
2012.08.24 12:36 B C:\xampp\htdocs\jobberbase\public\_templates\default\img\header-bg.png --> scan4jobs.com /_templates/default/img header-bg.png
2012.08.24 12:36 B C:\xampp\htdocs\jobberbase\public\_templates\default\img\icon-delete.png --> scan4jobs.com /_templates/default/img icon-delete.png
2012.08.24 12:36 B C:\xampp\htdocs\jobberbase\public\_templates\default\img\icon-freelance.png --> scan4jobs.com /_templates/default/img icon-freelance.png
2012.08.24 12:36 B C:\xampp\htdocs\jobberbase\public\_templates\default\img\icon-fulltime.png --> scan4jobs.com /_templates/default/img icon-fulltime.png
2012.08.24 12:36 B C:\xampp\htdocs\jobberbase\public\_templates\default\img\icon-parttime.png --> scan4jobs.com /_templates/default/img icon-parttime.png
2012.08.24 12:36 B C:\xampp\htdocs\jobberbase\public\_templates\default\img\icon-spotlight.png --> scan4jobs.com /_templates/default/img icon-spotlight.png
2012.08.24 12:36 B C:\xampp\htdocs\jobberbase\public\_templates\default\img\jobber-logo.gif --> scan4jobs.com /_templates/default/img jobber-logo.gif
2012.08.24 12:36 B C:\xampp\htdocs\jobberbase\public\_templates\default\img\sd_left.gif --> scan4jobs.com /_templates/default/img sd_left.gif
2012.08.24 12:36 B C:\xampp\htdocs\jobberbase\public\_templates\default\img\sd_right.gif --> scan4jobs.com /_templates/default/img sd_right.gif
2012.08.24 12:36 B C:\xampp\htdocs\jobberbase\public\_templates\default\img\WS_FTP.LOG --> scan4jobs.com /_templates/default/img WS_FTP.LOG
2012.08.24 23:03 B C:\xampp\htdocs\jobberbase\public\_templates\default\img\ajax-loader.gif --> scan4jobs.com /_templates/default/img ajax-loader.gif
2012.08.24 23:03 B C:\xampp\htdocs\jobberbase\public\_templates\default\img\bg-applied.png --> scan4jobs.com /_templates/default/img bg-applied.png
2012.08.24 23:03 B C:\xampp\htdocs\jobberbase\public\_templates\default\img\bg-body.png --> scan4jobs.com /_templates/default/img bg-body.png
2012.08.24 23:03 B C:\xampp\htdocs\jobberbase\public\_templates\default\img\bg-box.png --> scan4jobs.com /_templates/default/img bg-box.png
2012.08.24 23:03 B C:\xampp\htdocs\jobberbase\public\_templates\default\img\bg-search.png --> scan4jobs.com /_templates/default/img bg-search.png
2012.08.24 23:03 B C:\xampp\htdocs\jobberbase\public\_templates\default\img\bt-post.png --> scan4jobs.com /_templates/default/img bt-post.png
2012.08.24 23:03 B C:\xampp\htdocs\jobberbase\public\_templates\default\img\bt-rss.png --> scan4jobs.com /_templates/default/img bt-rss.png
2012.08.24 23:03 B C:\xampp\htdocs\jobberbase\public\_templates\default\img\clock.gif --> scan4jobs.com /_templates/default/img clock.gif
2012.08.24 23:03 B C:\xampp\htdocs\jobberbase\public\_templates\default\img\footer-bg.png --> scan4jobs.com /_templates/default/img footer-bg.png
2012.08.24 23:03 B C:\xampp\htdocs\jobberbase\public\_templates\default\img\header-bg.png --> scan4jobs.com /_templates/default/img header-bg.png
2012.08.24 23:03 B C:\xampp\htdocs\jobberbase\public\_templates\default\img\icon-delete.png --> scan4jobs.com /_templates/default/img icon-delete.png
2012.08.24 23:03 B C:\xampp\htdocs\jobberbase\public\_templates\default\img\icon-freelance.png --> scan4jobs.com /_templates/default/img icon-freelance.png
2012.08.24 23:03 B C:\xampp\htdocs\jobberbase\public\_templates\default\img\icon-fulltime.png --> scan4jobs.com /_templates/default/img icon-fulltime.png
2012.08.24 23:03 B C:\xampp\htdocs\jobberbase\public\_templates\default\img\icon-parttime.png --> scan4jobs.com /_templates/default/img icon-parttime.png
2012.08.24 23:03 B C:\xampp\htdocs\jobberbase\public\_templates\default\img\icon-spotlight.png --> scan4jobs.com /_templates/default/img icon-spotlight.png
2012.08.24 23:03 B C:\xampp\htdocs\jobberbase\public\_templates\default\img\jobber-logo.gif --> scan4jobs.com /_templates/default/img jobber-logo.gif
2012.08.24 23:03 B C:\xampp\htdocs\jobberbase\public\_templates\default\img\sd_left.gif --> scan4jobs.com /_templates/default/img sd_left.gif
2012.08.24 23:03 B C:\xampp\htdocs\jobberbase\public\_templates\default\img\sd_right.gif --> scan4jobs.com /_templates/default/img sd_right.gif
2012.11.09 16:32 B C:\Users\admin\Documents\scan4job\_templates\default\img\WS_FTP.LOG <-- scan4jobs.com /_templates/default/img WS_FTP.LOG
