2012.08.23 21:56 B C:\Users\srilakshmi\Desktop\jobberbase-1_9_1\jobberbase-1.9.1\public\_includes\class.Api.php --> scan4jobs.com /_includes class.Api.php
2012.08.23 21:56 B C:\Users\srilakshmi\Desktop\jobberbase-1_9_1\jobberbase-1.9.1\public\_includes\class.Db.MySql.php --> scan4jobs.com /_includes class.Db.MySql.php
2012.08.23 21:57 B C:\Users\srilakshmi\Desktop\jobberbase-1_9_1\jobberbase-1.9.1\public\_includes\class.Db.php --> scan4jobs.com /_includes class.Db.php
2012.08.23 21:57 B C:\Users\srilakshmi\Desktop\jobberbase-1_9_1\jobberbase-1.9.1\public\_includes\class.EmailTranslator.php --> scan4jobs.com /_includes class.EmailTranslator.php
2012.08.23 21:57 B C:\Users\srilakshmi\Desktop\jobberbase-1_9_1\jobberbase-1.9.1\public\_includes\class.Feed.php --> scan4jobs.com /_includes class.Feed.php
2012.08.23 21:57 B C:\Users\srilakshmi\Desktop\jobberbase-1_9_1\jobberbase-1.9.1\public\_includes\class.FormValidator.php --> scan4jobs.com /_includes class.FormValidator.php
2012.08.23 21:57 B C:\Users\srilakshmi\Desktop\jobberbase-1_9_1\jobberbase-1.9.1\public\_includes\class.Installer.php --> scan4jobs.com /_includes class.Installer.php
2012.08.23 21:57 B C:\Users\srilakshmi\Desktop\jobberbase-1_9_1\jobberbase-1.9.1\public\_includes\class.Job.php --> scan4jobs.com /_includes class.Job.php
2012.08.23 21:57 B C:\Users\srilakshmi\Desktop\jobberbase-1_9_1\jobberbase-1.9.1\public\_includes\class.JobApplication.php --> scan4jobs.com /_includes class.JobApplication.php
2012.08.23 21:57 B C:\Users\srilakshmi\Desktop\jobberbase-1_9_1\jobberbase-1.9.1\public\_includes\class.JobberSettings.php --> scan4jobs.com /_includes class.JobberSettings.php
2012.08.23 21:57 B C:\Users\srilakshmi\Desktop\jobberbase-1_9_1\jobberbase-1.9.1\public\_includes\class.Maintenance.php --> scan4jobs.com /_includes class.Maintenance.php
2012.08.23 21:57 B C:\Users\srilakshmi\Desktop\jobberbase-1_9_1\jobberbase-1.9.1\public\_includes\class.Paginator.php --> scan4jobs.com /_includes class.Paginator.php
2012.08.23 21:57 B C:\Users\srilakshmi\Desktop\jobberbase-1_9_1\jobberbase-1.9.1\public\_includes\class.phpmailer.php --> scan4jobs.com /_includes class.phpmailer.php
2012.08.23 21:57 B C:\Users\srilakshmi\Desktop\jobberbase-1_9_1\jobberbase-1.9.1\public\_includes\class.Postman.php --> scan4jobs.com /_includes class.Postman.php
2012.08.23 21:57 B C:\Users\srilakshmi\Desktop\jobberbase-1_9_1\jobberbase-1.9.1\public\_includes\class.RssWriter.php --> scan4jobs.com /_includes class.RssWriter.php
2012.08.23 21:57 B C:\Users\srilakshmi\Desktop\jobberbase-1_9_1\jobberbase-1.9.1\public\_includes\class.Sanitizer.php --> scan4jobs.com /_includes class.Sanitizer.php
2012.08.23 21:57 B C:\Users\srilakshmi\Desktop\jobberbase-1_9_1\jobberbase-1.9.1\public\_includes\class.SearchKeywords.php --> scan4jobs.com /_includes class.SearchKeywords.php
2012.08.23 21:57 B C:\Users\srilakshmi\Desktop\jobberbase-1_9_1\jobberbase-1.9.1\public\_includes\class.smtp.php --> scan4jobs.com /_includes class.smtp.php
2012.08.23 21:57 B C:\Users\srilakshmi\Desktop\jobberbase-1_9_1\jobberbase-1.9.1\public\_includes\class.SpamReport.php --> scan4jobs.com /_includes class.SpamReport.php
2012.08.23 21:57 B C:\Users\srilakshmi\Desktop\jobberbase-1_9_1\jobberbase-1.9.1\public\_includes\class.Stats.php --> scan4jobs.com /_includes class.Stats.php
2012.08.23 21:57 B C:\Users\srilakshmi\Desktop\jobberbase-1_9_1\jobberbase-1.9.1\public\_includes\class.Textile.php --> scan4jobs.com /_includes class.Textile.php
2012.08.23 21:57 B C:\Users\srilakshmi\Desktop\jobberbase-1_9_1\jobberbase-1.9.1\public\_includes\class.Translator.php --> scan4jobs.com /_includes class.Translator.php
2012.08.23 21:57 B C:\Users\srilakshmi\Desktop\jobberbase-1_9_1\jobberbase-1.9.1\public\_includes\class.XmlWriter.php --> scan4jobs.com /_includes class.XmlWriter.php
2012.08.23 21:57 B C:\Users\srilakshmi\Desktop\jobberbase-1_9_1\jobberbase-1.9.1\public\_includes\function.escape.php --> scan4jobs.com /_includes function.escape.php
2012.08.23 21:57 B C:\Users\srilakshmi\Desktop\jobberbase-1_9_1\jobberbase-1.9.1\public\_includes\function.printr.php --> scan4jobs.com /_includes function.printr.php
2012.08.23 21:57 B C:\Users\srilakshmi\Desktop\jobberbase-1_9_1\jobberbase-1.9.1\public\_includes\function.redirect_to.php --> scan4jobs.com /_includes function.redirect_to.php
2012.08.23 21:57 B C:\Users\srilakshmi\Desktop\jobberbase-1_9_1\jobberbase-1.9.1\public\_includes\function.validate_email.php --> scan4jobs.com /_includes function.validate_email.php
2012.08.23 21:57 B C:\Users\srilakshmi\Desktop\jobberbase-1_9_1\jobberbase-1.9.1\public\_includes\functions.php --> scan4jobs.com /_includes functions.php
2012.08.23 21:57 B C:\Users\srilakshmi\Desktop\jobberbase-1_9_1\jobberbase-1.9.1\public\_includes\index.php --> scan4jobs.com /_includes index.php
2012.08.23 21:57 B C:\Users\srilakshmi\Desktop\jobberbase-1_9_1\jobberbase-1.9.1\public\_includes\recaptchalib.php --> scan4jobs.com /_includes recaptchalib.php
2012.08.24 12:36 B C:\xampp\htdocs\jobberbase\public\_includes\class.Api.php --> scan4jobs.com /_includes class.Api.php
2012.08.24 12:36 B C:\xampp\htdocs\jobberbase\public\_includes\class.Db.MySql.php --> scan4jobs.com /_includes class.Db.MySql.php
2012.08.24 12:36 B C:\xampp\htdocs\jobberbase\public\_includes\class.Db.php --> scan4jobs.com /_includes class.Db.php
2012.08.24 12:36 B C:\xampp\htdocs\jobberbase\public\_includes\class.EmailTranslator.php --> scan4jobs.com /_includes class.EmailTranslator.php
2012.08.24 12:36 B C:\xampp\htdocs\jobberbase\public\_includes\class.Feed.php --> scan4jobs.com /_includes class.Feed.php
2012.08.24 12:36 B C:\xampp\htdocs\jobberbase\public\_includes\class.FormValidator.php --> scan4jobs.com /_includes class.FormValidator.php
2012.08.24 12:36 B C:\xampp\htdocs\jobberbase\public\_includes\class.Installer.php --> scan4jobs.com /_includes class.Installer.php
2012.08.24 12:36 B C:\xampp\htdocs\jobberbase\public\_includes\class.Job.php --> scan4jobs.com /_includes class.Job.php
2012.08.24 12:36 B C:\xampp\htdocs\jobberbase\public\_includes\class.JobApplication.php --> scan4jobs.com /_includes class.JobApplication.php
2012.08.24 12:36 B C:\xampp\htdocs\jobberbase\public\_includes\class.JobberSettings.php --> scan4jobs.com /_includes class.JobberSettings.php
2012.08.24 12:36 B C:\xampp\htdocs\jobberbase\public\_includes\class.Maintenance.php --> scan4jobs.com /_includes class.Maintenance.php
2012.08.24 12:36 B C:\xampp\htdocs\jobberbase\public\_includes\class.Paginator.php --> scan4jobs.com /_includes class.Paginator.php
2012.08.24 12:36 B C:\xampp\htdocs\jobberbase\public\_includes\class.phpmailer.php --> scan4jobs.com /_includes class.phpmailer.php
2012.08.24 12:36 B C:\xampp\htdocs\jobberbase\public\_includes\class.Postman.php --> scan4jobs.com /_includes class.Postman.php
2012.08.24 12:36 B C:\xampp\htdocs\jobberbase\public\_includes\class.RssWriter.php --> scan4jobs.com /_includes class.RssWriter.php
2012.08.24 12:36 B C:\xampp\htdocs\jobberbase\public\_includes\class.Sanitizer.php --> scan4jobs.com /_includes class.Sanitizer.php
2012.08.24 12:36 B C:\xampp\htdocs\jobberbase\public\_includes\class.SearchKeywords.php --> scan4jobs.com /_includes class.SearchKeywords.php
2012.08.24 12:36 B C:\xampp\htdocs\jobberbase\public\_includes\class.smtp.php --> scan4jobs.com /_includes class.smtp.php
2012.08.24 12:36 B C:\xampp\htdocs\jobberbase\public\_includes\class.SpamReport.php --> scan4jobs.com /_includes class.SpamReport.php
2012.08.24 12:36 B C:\xampp\htdocs\jobberbase\public\_includes\class.Stats.php --> scan4jobs.com /_includes class.Stats.php
2012.08.24 12:36 B C:\xampp\htdocs\jobberbase\public\_includes\class.Textile.php --> scan4jobs.com /_includes class.Textile.php
2012.08.24 12:36 B C:\xampp\htdocs\jobberbase\public\_includes\class.Translator.php --> scan4jobs.com /_includes class.Translator.php
2012.08.24 12:36 B C:\xampp\htdocs\jobberbase\public\_includes\class.XmlWriter.php --> scan4jobs.com /_includes class.XmlWriter.php
2012.08.24 12:36 B C:\xampp\htdocs\jobberbase\public\_includes\function.escape.php --> scan4jobs.com /_includes function.escape.php
2012.08.24 12:36 B C:\xampp\htdocs\jobberbase\public\_includes\function.printr.php --> scan4jobs.com /_includes function.printr.php
2012.08.24 12:36 B C:\xampp\htdocs\jobberbase\public\_includes\function.redirect_to.php --> scan4jobs.com /_includes function.redirect_to.php
2012.08.24 12:36 B C:\xampp\htdocs\jobberbase\public\_includes\function.validate_email.php --> scan4jobs.com /_includes function.validate_email.php
2012.08.24 12:36 B C:\xampp\htdocs\jobberbase\public\_includes\functions.php --> scan4jobs.com /_includes functions.php
2012.08.24 12:36 B C:\xampp\htdocs\jobberbase\public\_includes\index.php --> scan4jobs.com /_includes index.php
2012.08.24 12:36 B C:\xampp\htdocs\jobberbase\public\_includes\recaptchalib.php --> scan4jobs.com /_includes recaptchalib.php
2012.08.24 12:36 B C:\xampp\htdocs\jobberbase\public\_includes\WS_FTP.LOG --> scan4jobs.com /_includes WS_FTP.LOG
2012.08.24 23:01 B C:\xampp\htdocs\jobberbase\public\_includes\class.Api.php --> scan4jobs.com /_includes class.Api.php
2012.08.24 23:01 B C:\xampp\htdocs\jobberbase\public\_includes\class.Db.MySql.php --> scan4jobs.com /_includes class.Db.MySql.php
2012.08.24 23:01 B C:\xampp\htdocs\jobberbase\public\_includes\class.Db.php --> scan4jobs.com /_includes class.Db.php
2012.08.24 23:01 B C:\xampp\htdocs\jobberbase\public\_includes\class.EmailTranslator.php --> scan4jobs.com /_includes class.EmailTranslator.php
2012.08.24 23:01 B C:\xampp\htdocs\jobberbase\public\_includes\class.Feed.php --> scan4jobs.com /_includes class.Feed.php
2012.08.24 23:01 B C:\xampp\htdocs\jobberbase\public\_includes\class.FormValidator.php --> scan4jobs.com /_includes class.FormValidator.php
2012.08.24 23:01 B C:\xampp\htdocs\jobberbase\public\_includes\class.Installer.php --> scan4jobs.com /_includes class.Installer.php
2012.08.24 23:01 B C:\xampp\htdocs\jobberbase\public\_includes\class.JobApplication.php --> scan4jobs.com /_includes class.JobApplication.php
2012.08.24 23:01 B C:\xampp\htdocs\jobberbase\public\_includes\class.JobberSettings.php --> scan4jobs.com /_includes class.JobberSettings.php
2012.08.24 23:01 B C:\xampp\htdocs\jobberbase\public\_includes\class.Maintenance.php --> scan4jobs.com /_includes class.Maintenance.php
2012.08.24 23:01 B C:\xampp\htdocs\jobberbase\public\_includes\class.Paginator.php --> scan4jobs.com /_includes class.Paginator.php
2012.08.24 23:01 B C:\xampp\htdocs\jobberbase\public\_includes\class.phpmailer.php --> scan4jobs.com /_includes class.phpmailer.php
2012.08.24 23:01 B C:\xampp\htdocs\jobberbase\public\_includes\class.Postman.php --> scan4jobs.com /_includes class.Postman.php
2012.08.24 23:01 B C:\xampp\htdocs\jobberbase\public\_includes\class.RssWriter.php --> scan4jobs.com /_includes class.RssWriter.php
2012.08.24 23:01 B C:\xampp\htdocs\jobberbase\public\_includes\class.Sanitizer.php --> scan4jobs.com /_includes class.Sanitizer.php
2012.08.24 23:01 B C:\xampp\htdocs\jobberbase\public\_includes\class.SearchKeywords.php --> scan4jobs.com /_includes class.SearchKeywords.php
2012.08.24 23:01 B C:\xampp\htdocs\jobberbase\public\_includes\class.smtp.php --> scan4jobs.com /_includes class.smtp.php
2012.08.24 23:01 B C:\xampp\htdocs\jobberbase\public\_includes\class.SpamReport.php --> scan4jobs.com /_includes class.SpamReport.php
2012.08.24 23:01 B C:\xampp\htdocs\jobberbase\public\_includes\class.Stats.php --> scan4jobs.com /_includes class.Stats.php
2012.08.24 23:01 B C:\xampp\htdocs\jobberbase\public\_includes\class.Textile.php --> scan4jobs.com /_includes class.Textile.php
2012.08.24 23:01 B C:\xampp\htdocs\jobberbase\public\_includes\class.Translator.php --> scan4jobs.com /_includes class.Translator.php
2012.08.24 23:01 B C:\xampp\htdocs\jobberbase\public\_includes\class.XmlWriter.php --> scan4jobs.com /_includes class.XmlWriter.php
2012.08.24 23:01 B C:\xampp\htdocs\jobberbase\public\_includes\function.escape.php --> scan4jobs.com /_includes function.escape.php
2012.08.24 23:01 B C:\xampp\htdocs\jobberbase\public\_includes\function.printr.php --> scan4jobs.com /_includes function.printr.php
2012.08.24 23:01 B C:\xampp\htdocs\jobberbase\public\_includes\function.redirect_to.php --> scan4jobs.com /_includes function.redirect_to.php
2012.08.24 23:01 B C:\xampp\htdocs\jobberbase\public\_includes\function.validate_email.php --> scan4jobs.com /_includes function.validate_email.php
2012.08.24 23:01 B C:\xampp\htdocs\jobberbase\public\_includes\functions.php --> scan4jobs.com /_includes functions.php
2012.08.24 23:01 B C:\xampp\htdocs\jobberbase\public\_includes\index.php --> scan4jobs.com /_includes index.php
2012.08.24 23:01 B C:\xampp\htdocs\jobberbase\public\_includes\recaptchalib.php --> scan4jobs.com /_includes recaptchalib.php
2012.08.24 23:01 B C:\xampp\htdocs\jobberbase\public\_includes\class.Job.php --> scan4jobs.com /_includes class.Job.php
2012.11.09 16:31 B C:\Users\admin\Documents\scan4job\_includes\WS_FTP.LOG <-- scan4jobs.com /_includes WS_FTP.LOG
