2012.11.09 16:41 B C:\Users\admin\Documents\scan4job\admin\.htaccess <-- scan4jobs.com /admin .htaccess
2012.11.09 16:41 B C:\Users\admin\Documents\scan4job\admin\config.php <-- scan4jobs.com /admin config.php
2012.11.09 16:41 B C:\Users\admin\Documents\scan4job\admin\index.php <-- scan4jobs.com /admin index.php
2012.11.09 16:41 B C:\Users\admin\Documents\scan4job\admin\index16.php <-- scan4jobs.com /admin index16.php
2012.11.09 16:41 B C:\Users\admin\Documents\scan4job\admin\index17.php <-- scan4jobs.com /admin index17.php
2012.11.09 16:41 B C:\Users\admin\Documents\scan4job\admin\index3.php <-- scan4jobs.com /admin index3.php
2012.11.09 16:41 B C:\Users\admin\Documents\scan4job\admin\page_activate.php <-- scan4jobs.com /admin page_activate.php
2012.11.09 16:41 B C:\Users\admin\Documents\scan4job\admin\page_activate_spotlight.php <-- scan4jobs.com /admin page_activate_spotlight.php
2012.11.09 16:41 B C:\Users\admin\Documents\scan4job\admin\page_advance_search.php <-- scan4jobs.com /admin page_advance_search.php
2012.11.09 16:41 B C:\Users\admin\Documents\scan4job\admin\page_area.php <-- scan4jobs.com /admin page_area.php
2012.11.09 16:41 B C:\Users\admin\Documents\scan4job\admin\page_categories.php <-- scan4jobs.com /admin page_categories.php
2012.11.09 16:41 B C:\Users\admin\Documents\scan4job\admin\page_category.php <-- scan4jobs.com /admin page_category.php
2012.11.09 16:41 B C:\Users\admin\Documents\scan4job\admin\page_cities.php <-- scan4jobs.com /admin page_cities.php
2012.11.09 16:41 B C:\Users\admin\Documents\scan4job\admin\page_clearcache.php <-- scan4jobs.com /admin page_clearcache.php
2012.11.09 16:41 B C:\Users\admin\Documents\scan4job\admin\page_deactivate.php <-- scan4jobs.com /admin page_deactivate.php
2012.11.09 16:41 B C:\Users\admin\Documents\scan4job\admin\page_deactivate_spotlight.php <-- scan4jobs.com /admin page_deactivate_spotlight.php
2012.11.09 16:41 B C:\Users\admin\Documents\scan4job\admin\page_delete.php <-- scan4jobs.com /admin page_delete.php
2012.11.09 16:41 B C:\Users\admin\Documents\scan4job\admin\page_edit_post.php <-- scan4jobs.com /admin page_edit_post.php
2012.11.09 16:41 B C:\Users\admin\Documents\scan4job\admin\page_education.php <-- scan4jobs.com /admin page_education.php
2012.11.09 16:41 B C:\Users\admin\Documents\scan4job\admin\page_features.php <-- scan4jobs.com /admin page_features.php
2012.11.09 16:41 B C:\Users\admin\Documents\scan4job\admin\page_home.php <-- scan4jobs.com /admin page_home.php
2012.11.09 16:41 B C:\Users\admin\Documents\scan4job\admin\page_industries.php <-- scan4jobs.com /admin page_industries.php
2012.11.09 16:41 B C:\Users\admin\Documents\scan4job\admin\page_job.php <-- scan4jobs.com /admin page_job.php
2012.11.09 16:41 B C:\Users\admin\Documents\scan4job\admin\page_links.php <-- scan4jobs.com /admin page_links.php
2012.11.09 16:41 B C:\Users\admin\Documents\scan4job\admin\page_list.php <-- scan4jobs.com /admin page_list.php
2012.11.09 16:41 B C:\Users\admin\Documents\scan4job\admin\page_login.php <-- scan4jobs.com /admin page_login.php
2012.11.09 16:41 B C:\Users\admin\Documents\scan4job\admin\page_pages.php <-- scan4jobs.com /admin page_pages.php
2012.11.09 16:41 B C:\Users\admin\Documents\scan4job\admin\page_password.php <-- scan4jobs.com /admin page_password.php
2012.11.09 16:41 B C:\Users\admin\Documents\scan4job\admin\page_qualification.php <-- scan4jobs.com /admin page_qualification.php
2012.11.09 16:41 B C:\Users\admin\Documents\scan4job\admin\page_search.php <-- scan4jobs.com /admin page_search.php
2012.11.09 16:41 B C:\Users\admin\Documents\scan4job\admin\page_settings.php <-- scan4jobs.com /admin page_settings.php
2012.11.09 16:41 B C:\Users\admin\Documents\scan4job\admin\page_spam.php <-- scan4jobs.com /admin page_spam.php
2012.11.09 16:41 B C:\Users\admin\Documents\scan4job\admin\page_stats.php <-- scan4jobs.com /admin page_stats.php
2012.11.09 16:41 B C:\Users\admin\Documents\scan4job\admin\page_types.php <-- scan4jobs.com /admin page_types.php
2012.11.09 16:41 B C:\Users\admin\Documents\scan4job\admin\page_userdelete.php <-- scan4jobs.com /admin page_userdelete.php
2012.11.09 16:41 B C:\Users\admin\Documents\scan4job\admin\page_userexcel.php <-- scan4jobs.com /admin page_userexcel.php
2012.11.09 16:41 B C:\Users\admin\Documents\scan4job\admin\page_userlist.php <-- scan4jobs.com /admin page_userlist.php
2012.11.09 16:41 B C:\Users\admin\Documents\scan4job\admin\page_userothers.php <-- scan4jobs.com /admin page_userothers.php
2012.11.09 16:41 B C:\Users\admin\Documents\scan4job\admin\page_userothers2.php <-- scan4jobs.com /admin page_userothers2.php
2012.11.09 16:41 B C:\Users\admin\Documents\scan4job\admin\page_view.php <-- scan4jobs.com /admin page_view.php
2012.11.09 16:41 B C:\Users\admin\Documents\scan4job\admin\state.php <-- scan4jobs.com /admin state.php
