2012.11.09 16:39 B C:\Users\admin\Documents\scan4job\admin\_templates\advance_search.tpl <-- scan4jobs.com /admin/_templates advance_search.tpl
2012.11.09 16:39 B C:\Users\admin\Documents\scan4job\admin\_templates\area.tpl <-- scan4jobs.com /admin/_templates area.tpl
2012.11.09 16:39 B C:\Users\admin\Documents\scan4job\admin\_templates\area_edit.tpl <-- scan4jobs.com /admin/_templates area_edit.tpl
2012.11.09 16:39 B C:\Users\admin\Documents\scan4job\admin\_templates\categories.tpl <-- scan4jobs.com /admin/_templates categories.tpl
2012.11.09 16:39 B C:\Users\admin\Documents\scan4job\admin\_templates\category.tpl <-- scan4jobs.com /admin/_templates category.tpl
2012.11.09 16:39 B C:\Users\admin\Documents\scan4job\admin\_templates\cities.tpl <-- scan4jobs.com /admin/_templates cities.tpl
2012.11.09 16:39 B C:\Users\admin\Documents\scan4job\admin\_templates\city_edit.tpl <-- scan4jobs.com /admin/_templates city_edit.tpl
2012.11.09 16:39 B C:\Users\admin\Documents\scan4job\admin\_templates\clear-cache.tpl <-- scan4jobs.com /admin/_templates clear-cache.tpl
2012.11.09 16:39 B C:\Users\admin\Documents\scan4job\admin\_templates\edit-post-preview.tpl <-- scan4jobs.com /admin/_templates edit-post-preview.tpl
2012.11.09 16:39 B C:\Users\admin\Documents\scan4job\admin\_templates\edit-post.tpl <-- scan4jobs.com /admin/_templates edit-post.tpl
2012.11.09 16:39 B C:\Users\admin\Documents\scan4job\admin\_templates\education.tpl <-- scan4jobs.com /admin/_templates education.tpl
2012.11.09 16:39 B C:\Users\admin\Documents\scan4job\admin\_templates\education_edit.tpl <-- scan4jobs.com /admin/_templates education_edit.tpl
2012.11.09 16:39 B C:\Users\admin\Documents\scan4job\admin\_templates\error.tpl <-- scan4jobs.com /admin/_templates error.tpl
2012.11.09 16:39 B C:\Users\admin\Documents\scan4job\admin\_templates\features.tpl <-- scan4jobs.com /admin/_templates features.tpl
2012.11.09 16:39 B C:\Users\admin\Documents\scan4job\admin\_templates\feed.php <-- scan4jobs.com /admin/_templates feed.php
2012.11.09 16:39 B C:\Users\admin\Documents\scan4job\admin\_templates\footer.tpl <-- scan4jobs.com /admin/_templates footer.tpl
2012.11.09 16:39 B C:\Users\admin\Documents\scan4job\admin\_templates\header.tpl <-- scan4jobs.com /admin/_templates header.tpl
2012.11.09 16:39 B C:\Users\admin\Documents\scan4job\admin\_templates\header15.tpl <-- scan4jobs.com /admin/_templates header15.tpl
2012.11.09 16:39 B C:\Users\admin\Documents\scan4job\admin\_templates\header16.tpl <-- scan4jobs.com /admin/_templates header16.tpl
2012.11.09 16:39 B C:\Users\admin\Documents\scan4job\admin\_templates\index.tpl <-- scan4jobs.com /admin/_templates index.tpl
2012.11.09 16:39 B C:\Users\admin\Documents\scan4job\admin\_templates\industries.tpl <-- scan4jobs.com /admin/_templates industries.tpl
2012.11.09 16:39 B C:\Users\admin\Documents\scan4job\admin\_templates\industries_edit.tpl <-- scan4jobs.com /admin/_templates industries_edit.tpl
2012.11.09 16:39 B C:\Users\admin\Documents\scan4job\admin\_templates\job-details.tpl <-- scan4jobs.com /admin/_templates job-details.tpl
2012.11.09 16:39 B C:\Users\admin\Documents\scan4job\admin\_templates\job.tpl <-- scan4jobs.com /admin/_templates job.tpl
2012.11.09 16:39 B C:\Users\admin\Documents\scan4job\admin\_templates\links.tpl <-- scan4jobs.com /admin/_templates links.tpl
2012.11.09 16:39 B C:\Users\admin\Documents\scan4job\admin\_templates\list.tpl <-- scan4jobs.com /admin/_templates list.tpl
2012.11.09 16:39 B C:\Users\admin\Documents\scan4job\admin\_templates\login.tpl <-- scan4jobs.com /admin/_templates login.tpl
2012.11.09 16:39 B C:\Users\admin\Documents\scan4job\admin\_templates\login15.tpl <-- scan4jobs.com /admin/_templates login15.tpl
2012.11.09 16:39 B C:\Users\admin\Documents\scan4job\admin\_templates\page_edit.tpl <-- scan4jobs.com /admin/_templates page_edit.tpl
2012.11.09 16:39 B C:\Users\admin\Documents\scan4job\admin\_templates\pages.tpl <-- scan4jobs.com /admin/_templates pages.tpl
2012.11.09 16:39 B C:\Users\admin\Documents\scan4job\admin\_templates\password.tpl <-- scan4jobs.com /admin/_templates password.tpl
2012.11.09 16:39 B C:\Users\admin\Documents\scan4job\admin\_templates\posts-loop.tpl <-- scan4jobs.com /admin/_templates posts-loop.tpl
2012.11.09 16:39 B C:\Users\admin\Documents\scan4job\admin\_templates\qualification.tpl <-- scan4jobs.com /admin/_templates qualification.tpl
2012.11.09 16:39 B C:\Users\admin\Documents\scan4job\admin\_templates\qualification_edit.tpl <-- scan4jobs.com /admin/_templates qualification_edit.tpl
2012.11.09 16:39 B C:\Users\admin\Documents\scan4job\admin\_templates\search.tpl <-- scan4jobs.com /admin/_templates search.tpl
2012.11.09 16:39 B C:\Users\admin\Documents\scan4job\admin\_templates\settings.tpl <-- scan4jobs.com /admin/_templates settings.tpl
2012.11.09 16:39 B C:\Users\admin\Documents\scan4job\admin\_templates\spam.tpl <-- scan4jobs.com /admin/_templates spam.tpl
2012.11.09 16:39 B C:\Users\admin\Documents\scan4job\admin\_templates\stats.tpl <-- scan4jobs.com /admin/_templates stats.tpl
2012.11.09 16:39 B C:\Users\admin\Documents\scan4job\admin\_templates\types.tpl <-- scan4jobs.com /admin/_templates types.tpl
2012.11.09 16:39 B C:\Users\admin\Documents\scan4job\admin\_templates\userlist.tpl <-- scan4jobs.com /admin/_templates userlist.tpl
2012.11.09 16:39 B C:\Users\admin\Documents\scan4job\admin\_templates\userothers.tpl <-- scan4jobs.com /admin/_templates userothers.tpl
2012.11.09 16:39 B C:\Users\admin\Documents\scan4job\admin\_templates\view.tpl <-- scan4jobs.com /admin/_templates view.tpl
