2012.11.09 16:39 B C:\Users\admin\Documents\scan4job\admin\img\add.png <-- scan4jobs.com /admin/img add.png
2012.11.09 16:39 B C:\Users\admin\Documents\scan4job\admin\img\ajax-loader.gif <-- scan4jobs.com /admin/img ajax-loader.gif
2012.11.09 16:39 B C:\Users\admin\Documents\scan4job\admin\img\bg-applied.png <-- scan4jobs.com /admin/img bg-applied.png
2012.11.09 16:39 B C:\Users\admin\Documents\scan4job\admin\img\bg-body.png <-- scan4jobs.com /admin/img bg-body.png
2012.11.09 16:39 B C:\Users\admin\Documents\scan4job\admin\img\clock.gif <-- scan4jobs.com /admin/img clock.gif
2012.11.09 16:39 B C:\Users\admin\Documents\scan4job\admin\img\disk.png <-- scan4jobs.com /admin/img disk.png
2012.11.09 16:39 B C:\Users\admin\Documents\scan4job\admin\img\exclamation.png <-- scan4jobs.com /admin/img exclamation.png
2012.11.09 16:39 B C:\Users\admin\Documents\scan4job\admin\img\footer-bg.png <-- scan4jobs.com /admin/img footer-bg.png
2012.11.09 16:39 B C:\Users\admin\Documents\scan4job\admin\img\header-bg.png <-- scan4jobs.com /admin/img header-bg.png
2012.11.09 16:39 B C:\Users\admin\Documents\scan4job\admin\img\icon-delete.png <-- scan4jobs.com /admin/img icon-delete.png
2012.11.09 16:39 B C:\Users\admin\Documents\scan4job\admin\img\icon-freelance.png <-- scan4jobs.com /admin/img icon-freelance.png
2012.11.09 16:39 B C:\Users\admin\Documents\scan4job\admin\img\icon-fulltime.png <-- scan4jobs.com /admin/img icon-fulltime.png
2012.11.09 16:39 B C:\Users\admin\Documents\scan4job\admin\img\icon-parttime.png <-- scan4jobs.com /admin/img icon-parttime.png
2012.11.09 16:39 B C:\Users\admin\Documents\scan4job\admin\img\icon_accept.gif <-- scan4jobs.com /admin/img icon_accept.gif
2012.11.09 16:39 B C:\Users\admin\Documents\scan4job\admin\img\icon_deactivate.gif <-- scan4jobs.com /admin/img icon_deactivate.gif
2012.11.09 16:39 B C:\Users\admin\Documents\scan4job\admin\img\icon_edit.gif <-- scan4jobs.com /admin/img icon_edit.gif
2012.11.09 16:39 B C:\Users\admin\Documents\scan4job\admin\img\icon_spotlight_activate.gif <-- scan4jobs.com /admin/img icon_spotlight_activate.gif
2012.11.09 16:39 B C:\Users\admin\Documents\scan4job\admin\img\icon_spotlight_deactivate.gif <-- scan4jobs.com /admin/img icon_spotlight_deactivate.gif
2012.11.09 16:39 B C:\Users\admin\Documents\scan4job\admin\img\jobber-logo.gif <-- scan4jobs.com /admin/img jobber-logo.gif
2012.11.09 16:39 B C:\Users\admin\Documents\scan4job\admin\img\page_white_add.png <-- scan4jobs.com /admin/img page_white_add.png
2012.11.09 16:39 B C:\Users\admin\Documents\scan4job\admin\img\page_white_edit.png <-- scan4jobs.com /admin/img page_white_edit.png
2012.11.09 16:39 B C:\Users\admin\Documents\scan4job\admin\img\sd_left.gif <-- scan4jobs.com /admin/img sd_left.gif
2012.11.09 16:39 B C:\Users\admin\Documents\scan4job\admin\img\sd_right.gif <-- scan4jobs.com /admin/img sd_right.gif
