2012.08.23 21:59 B C:\Users\srilakshmi\Desktop\jobberbase-1_9_1\jobberbase-1.9.1\public\admin\_templates\img\arrows-ffffff.png --> scan4jobs.com /admin/_templates/img arrows-ffffff.png
2012.08.23 21:59 B C:\Users\srilakshmi\Desktop\jobberbase-1_9_1\jobberbase-1.9.1\public\admin\_templates\img\bin.png --> scan4jobs.com /admin/_templates/img bin.png
2012.08.23 21:59 B C:\Users\srilakshmi\Desktop\jobberbase-1_9_1\jobberbase-1.9.1\public\admin\_templates\img\block_bg.png --> scan4jobs.com /admin/_templates/img block_bg.png
2012.08.23 21:59 B C:\Users\srilakshmi\Desktop\jobberbase-1_9_1\jobberbase-1.9.1\public\admin\_templates\img\block_h3.png --> scan4jobs.com /admin/_templates/img block_h3.png
2012.08.23 21:59 B C:\Users\srilakshmi\Desktop\jobberbase-1_9_1\jobberbase-1.9.1\public\admin\_templates\img\body.png --> scan4jobs.com /admin/_templates/img body.png
2012.08.23 21:59 B C:\Users\srilakshmi\Desktop\jobberbase-1_9_1\jobberbase-1.9.1\public\admin\_templates\img\categories.png --> scan4jobs.com /admin/_templates/img categories.png
2012.08.23 21:59 B C:\Users\srilakshmi\Desktop\jobberbase-1_9_1\jobberbase-1.9.1\public\admin\_templates\img\cities.png --> scan4jobs.com /admin/_templates/img cities.png
2012.08.23 21:59 B C:\Users\srilakshmi\Desktop\jobberbase-1_9_1\jobberbase-1.9.1\public\admin\_templates\img\disk.png --> scan4jobs.com /admin/_templates/img disk.png
2012.08.23 21:59 B C:\Users\srilakshmi\Desktop\jobberbase-1_9_1\jobberbase-1.9.1\public\admin\_templates\img\edit-job.png --> scan4jobs.com /admin/_templates/img edit-job.png
2012.08.23 21:59 B C:\Users\srilakshmi\Desktop\jobberbase-1_9_1\jobberbase-1.9.1\public\admin\_templates\img\exclamation.png --> scan4jobs.com /admin/_templates/img exclamation.png
2012.08.23 21:59 B C:\Users\srilakshmi\Desktop\jobberbase-1_9_1\jobberbase-1.9.1\public\admin\_templates\img\eye.png --> scan4jobs.com /admin/_templates/img eye.png
2012.08.23 21:59 B C:\Users\srilakshmi\Desktop\jobberbase-1_9_1\jobberbase-1.9.1\public\admin\_templates\img\fail.png --> scan4jobs.com /admin/_templates/img fail.png
2012.08.23 21:59 B C:\Users\srilakshmi\Desktop\jobberbase-1_9_1\jobberbase-1.9.1\public\admin\_templates\img\fancy_closebox.png --> scan4jobs.com /admin/_templates/img fancy_closebox.png
2012.08.23 21:59 B C:\Users\srilakshmi\Desktop\jobberbase-1_9_1\jobberbase-1.9.1\public\admin\_templates\img\fancy_left.png --> scan4jobs.com /admin/_templates/img fancy_left.png
2012.08.23 21:59 B C:\Users\srilakshmi\Desktop\jobberbase-1_9_1\jobberbase-1.9.1\public\admin\_templates\img\fancy_progress.png --> scan4jobs.com /admin/_templates/img fancy_progress.png
2012.08.23 21:59 B C:\Users\srilakshmi\Desktop\jobberbase-1_9_1\jobberbase-1.9.1\public\admin\_templates\img\fancy_right.png --> scan4jobs.com /admin/_templates/img fancy_right.png
2012.08.23 21:59 B C:\Users\srilakshmi\Desktop\jobberbase-1_9_1\jobberbase-1.9.1\public\admin\_templates\img\fancy_shadow_e.png --> scan4jobs.com /admin/_templates/img fancy_shadow_e.png
2012.08.23 21:59 B C:\Users\srilakshmi\Desktop\jobberbase-1_9_1\jobberbase-1.9.1\public\admin\_templates\img\fancy_shadow_n.png --> scan4jobs.com /admin/_templates/img fancy_shadow_n.png
2012.08.23 21:59 B C:\Users\srilakshmi\Desktop\jobberbase-1_9_1\jobberbase-1.9.1\public\admin\_templates\img\fancy_shadow_ne.png --> scan4jobs.com /admin/_templates/img fancy_shadow_ne.png
2012.08.23 21:59 B C:\Users\srilakshmi\Desktop\jobberbase-1_9_1\jobberbase-1.9.1\public\admin\_templates\img\fancy_shadow_nw.png --> scan4jobs.com /admin/_templates/img fancy_shadow_nw.png
2012.08.23 21:59 B C:\Users\srilakshmi\Desktop\jobberbase-1_9_1\jobberbase-1.9.1\public\admin\_templates\img\fancy_shadow_s.png --> scan4jobs.com /admin/_templates/img fancy_shadow_s.png
2012.08.23 21:59 B C:\Users\srilakshmi\Desktop\jobberbase-1_9_1\jobberbase-1.9.1\public\admin\_templates\img\fancy_shadow_se.png --> scan4jobs.com /admin/_templates/img fancy_shadow_se.png
2012.08.23 22:00 B C:\Users\srilakshmi\Desktop\jobberbase-1_9_1\jobberbase-1.9.1\public\admin\_templates\img\fancy_shadow_sw.png --> scan4jobs.com /admin/_templates/img fancy_shadow_sw.png
2012.08.23 22:00 B C:\Users\srilakshmi\Desktop\jobberbase-1_9_1\jobberbase-1.9.1\public\admin\_templates\img\fancy_shadow_w.png --> scan4jobs.com /admin/_templates/img fancy_shadow_w.png
2012.08.23 22:00 B C:\Users\srilakshmi\Desktop\jobberbase-1_9_1\jobberbase-1.9.1\public\admin\_templates\img\fancy_title_left.png --> scan4jobs.com /admin/_templates/img fancy_title_left.png
2012.08.23 22:00 B C:\Users\srilakshmi\Desktop\jobberbase-1_9_1\jobberbase-1.9.1\public\admin\_templates\img\fancy_title_main.png --> scan4jobs.com /admin/_templates/img fancy_title_main.png
2012.08.23 22:00 B C:\Users\srilakshmi\Desktop\jobberbase-1_9_1\jobberbase-1.9.1\public\admin\_templates\img\fancy_title_right.png --> scan4jobs.com /admin/_templates/img fancy_title_right.png
2012.08.23 22:00 B C:\Users\srilakshmi\Desktop\jobberbase-1_9_1\jobberbase-1.9.1\public\admin\_templates\img\help.png --> scan4jobs.com /admin/_templates/img help.png
2012.08.23 22:00 B C:\Users\srilakshmi\Desktop\jobberbase-1_9_1\jobberbase-1.9.1\public\admin\_templates\img\home.png --> scan4jobs.com /admin/_templates/img home.png
2012.08.23 22:00 B C:\Users\srilakshmi\Desktop\jobberbase-1_9_1\jobberbase-1.9.1\public\admin\_templates\img\inactive.png --> scan4jobs.com /admin/_templates/img inactive.png
2012.08.23 22:00 B C:\Users\srilakshmi\Desktop\jobberbase-1_9_1\jobberbase-1.9.1\public\admin\_templates\img\information-balloon.png --> scan4jobs.com /admin/_templates/img information-balloon.png
2012.08.23 22:00 B C:\Users\srilakshmi\Desktop\jobberbase-1_9_1\jobberbase-1.9.1\public\admin\_templates\img\information.png --> scan4jobs.com /admin/_templates/img information.png
2012.08.23 22:00 B C:\Users\srilakshmi\Desktop\jobberbase-1_9_1\jobberbase-1.9.1\public\admin\_templates\img\job_types.png --> scan4jobs.com /admin/_templates/img job_types.png
2012.08.23 22:00 B C:\Users\srilakshmi\Desktop\jobberbase-1_9_1\jobberbase-1.9.1\public\admin\_templates\img\jobberbase.gif --> scan4jobs.com /admin/_templates/img jobberbase.gif
2012.08.23 22:00 B C:\Users\srilakshmi\Desktop\jobberbase-1_9_1\jobberbase-1.9.1\public\admin\_templates\img\jobs.png --> scan4jobs.com /admin/_templates/img jobs.png
2012.08.23 22:00 B C:\Users\srilakshmi\Desktop\jobberbase-1_9_1\jobberbase-1.9.1\public\admin\_templates\img\li.png --> scan4jobs.com /admin/_templates/img li.png
2012.08.23 22:00 B C:\Users\srilakshmi\Desktop\jobberbase-1_9_1\jobberbase-1.9.1\public\admin\_templates\img\li_ul_li-hover.png --> scan4jobs.com /admin/_templates/img li_ul_li-hover.png
2012.08.23 22:00 B C:\Users\srilakshmi\Desktop\jobberbase-1_9_1\jobberbase-1.9.1\public\admin\_templates\img\links.png --> scan4jobs.com /admin/_templates/img links.png
2012.08.23 22:00 B C:\Users\srilakshmi\Desktop\jobberbase-1_9_1\jobberbase-1.9.1\public\admin\_templates\img\lock.png --> scan4jobs.com /admin/_templates/img lock.png
2012.08.23 22:00 B C:\Users\srilakshmi\Desktop\jobberbase-1_9_1\jobberbase-1.9.1\public\admin\_templates\img\lock_error.png --> scan4jobs.com /admin/_templates/img lock_error.png
2012.08.23 22:00 B C:\Users\srilakshmi\Desktop\jobberbase-1_9_1\jobberbase-1.9.1\public\admin\_templates\img\note.png --> scan4jobs.com /admin/_templates/img note.png
2012.08.23 22:00 B C:\Users\srilakshmi\Desktop\jobberbase-1_9_1\jobberbase-1.9.1\public\admin\_templates\img\password.png --> scan4jobs.com /admin/_templates/img password.png
2012.08.23 22:00 B C:\Users\srilakshmi\Desktop\jobberbase-1_9_1\jobberbase-1.9.1\public\admin\_templates\img\pencil.png --> scan4jobs.com /admin/_templates/img pencil.png
2012.08.23 22:00 B C:\Users\srilakshmi\Desktop\jobberbase-1_9_1\jobberbase-1.9.1\public\admin\_templates\img\plus-button.png --> scan4jobs.com /admin/_templates/img plus-button.png
2012.08.23 22:00 B C:\Users\srilakshmi\Desktop\jobberbase-1_9_1\jobberbase-1.9.1\public\admin\_templates\img\settings.png --> scan4jobs.com /admin/_templates/img settings.png
2012.08.23 22:00 B C:\Users\srilakshmi\Desktop\jobberbase-1_9_1\jobberbase-1.9.1\public\admin\_templates\img\shadow.png --> scan4jobs.com /admin/_templates/img shadow.png
2012.08.23 22:00 B C:\Users\srilakshmi\Desktop\jobberbase-1_9_1\jobberbase-1.9.1\public\admin\_templates\img\star_off.png --> scan4jobs.com /admin/_templates/img star_off.png
2012.08.23 22:00 B C:\Users\srilakshmi\Desktop\jobberbase-1_9_1\jobberbase-1.9.1\public\admin\_templates\img\star_on.png --> scan4jobs.com /admin/_templates/img star_on.png
2012.08.23 22:00 B C:\Users\srilakshmi\Desktop\jobberbase-1_9_1\jobberbase-1.9.1\public\admin\_templates\img\stats.png --> scan4jobs.com /admin/_templates/img stats.png
2012.08.23 22:00 B C:\Users\srilakshmi\Desktop\jobberbase-1_9_1\jobberbase-1.9.1\public\admin\_templates\img\switch.png --> scan4jobs.com /admin/_templates/img switch.png
2012.08.23 22:00 B C:\Users\srilakshmi\Desktop\jobberbase-1_9_1\jobberbase-1.9.1\public\admin\_templates\img\switch_off.png --> scan4jobs.com /admin/_templates/img switch_off.png
2012.08.23 22:00 B C:\Users\srilakshmi\Desktop\jobberbase-1_9_1\jobberbase-1.9.1\public\admin\_templates\img\tick.png --> scan4jobs.com /admin/_templates/img tick.png
2012.08.23 22:00 B C:\Users\srilakshmi\Desktop\jobberbase-1_9_1\jobberbase-1.9.1\public\admin\_templates\img\user.png --> scan4jobs.com /admin/_templates/img user.png
2012.08.23 22:00 B C:\Users\srilakshmi\Desktop\jobberbase-1_9_1\jobberbase-1.9.1\public\admin\_templates\img\user_error.png --> scan4jobs.com /admin/_templates/img user_error.png
2012.08.26 10:56 B C:\Users\srilakshmi\Desktop\jobberbase-1_9_1\jobberbase-1.9.1\public\admin\_templates\img\arrows-ffffff.png --> scan4jobs.com /admin/_templates/img arrows-ffffff.png
2012.08.26 10:56 B C:\Users\srilakshmi\Desktop\jobberbase-1_9_1\jobberbase-1.9.1\public\admin\_templates\img\bin.png --> scan4jobs.com /admin/_templates/img bin.png
2012.08.26 10:56 B C:\Users\srilakshmi\Desktop\jobberbase-1_9_1\jobberbase-1.9.1\public\admin\_templates\img\block_bg.png --> scan4jobs.com /admin/_templates/img block_bg.png
2012.08.26 10:56 B C:\Users\srilakshmi\Desktop\jobberbase-1_9_1\jobberbase-1.9.1\public\admin\_templates\img\block_h3.png --> scan4jobs.com /admin/_templates/img block_h3.png
2012.08.26 10:56 B C:\Users\srilakshmi\Desktop\jobberbase-1_9_1\jobberbase-1.9.1\public\admin\_templates\img\body.png --> scan4jobs.com /admin/_templates/img body.png
2012.08.26 10:56 B C:\Users\srilakshmi\Desktop\jobberbase-1_9_1\jobberbase-1.9.1\public\admin\_templates\img\categories.png --> scan4jobs.com /admin/_templates/img categories.png
2012.08.26 10:56 B C:\Users\srilakshmi\Desktop\jobberbase-1_9_1\jobberbase-1.9.1\public\admin\_templates\img\cities.png --> scan4jobs.com /admin/_templates/img cities.png
2012.08.26 10:56 B C:\Users\srilakshmi\Desktop\jobberbase-1_9_1\jobberbase-1.9.1\public\admin\_templates\img\disk.png --> scan4jobs.com /admin/_templates/img disk.png
2012.08.26 10:56 B C:\Users\srilakshmi\Desktop\jobberbase-1_9_1\jobberbase-1.9.1\public\admin\_templates\img\edit-job.png --> scan4jobs.com /admin/_templates/img edit-job.png
2012.08.26 10:56 B C:\Users\srilakshmi\Desktop\jobberbase-1_9_1\jobberbase-1.9.1\public\admin\_templates\img\exclamation.png --> scan4jobs.com /admin/_templates/img exclamation.png
2012.08.26 10:56 B C:\Users\srilakshmi\Desktop\jobberbase-1_9_1\jobberbase-1.9.1\public\admin\_templates\img\eye.png --> scan4jobs.com /admin/_templates/img eye.png
2012.08.26 10:56 B C:\Users\srilakshmi\Desktop\jobberbase-1_9_1\jobberbase-1.9.1\public\admin\_templates\img\fail.png --> scan4jobs.com /admin/_templates/img fail.png
2012.08.26 10:56 B C:\Users\srilakshmi\Desktop\jobberbase-1_9_1\jobberbase-1.9.1\public\admin\_templates\img\fancy_closebox.png --> scan4jobs.com /admin/_templates/img fancy_closebox.png
2012.08.26 10:56 B C:\Users\srilakshmi\Desktop\jobberbase-1_9_1\jobberbase-1.9.1\public\admin\_templates\img\fancy_left.png --> scan4jobs.com /admin/_templates/img fancy_left.png
2012.08.26 10:56 B C:\Users\srilakshmi\Desktop\jobberbase-1_9_1\jobberbase-1.9.1\public\admin\_templates\img\fancy_progress.png --> scan4jobs.com /admin/_templates/img fancy_progress.png
2012.08.26 10:56 B C:\Users\srilakshmi\Desktop\jobberbase-1_9_1\jobberbase-1.9.1\public\admin\_templates\img\fancy_right.png --> scan4jobs.com /admin/_templates/img fancy_right.png
2012.08.26 10:56 B C:\Users\srilakshmi\Desktop\jobberbase-1_9_1\jobberbase-1.9.1\public\admin\_templates\img\fancy_shadow_e.png --> scan4jobs.com /admin/_templates/img fancy_shadow_e.png
2012.08.26 10:56 B C:\Users\srilakshmi\Desktop\jobberbase-1_9_1\jobberbase-1.9.1\public\admin\_templates\img\fancy_shadow_n.png --> scan4jobs.com /admin/_templates/img fancy_shadow_n.png
2012.08.26 10:56 B C:\Users\srilakshmi\Desktop\jobberbase-1_9_1\jobberbase-1.9.1\public\admin\_templates\img\fancy_shadow_ne.png --> scan4jobs.com /admin/_templates/img fancy_shadow_ne.png
2012.08.26 10:56 B C:\Users\srilakshmi\Desktop\jobberbase-1_9_1\jobberbase-1.9.1\public\admin\_templates\img\fancy_shadow_nw.png --> scan4jobs.com /admin/_templates/img fancy_shadow_nw.png
2012.08.26 10:56 B C:\Users\srilakshmi\Desktop\jobberbase-1_9_1\jobberbase-1.9.1\public\admin\_templates\img\fancy_shadow_s.png --> scan4jobs.com /admin/_templates/img fancy_shadow_s.png
2012.08.26 10:56 B C:\Users\srilakshmi\Desktop\jobberbase-1_9_1\jobberbase-1.9.1\public\admin\_templates\img\fancy_shadow_se.png --> scan4jobs.com /admin/_templates/img fancy_shadow_se.png
2012.08.26 10:56 B C:\Users\srilakshmi\Desktop\jobberbase-1_9_1\jobberbase-1.9.1\public\admin\_templates\img\fancy_shadow_sw.png --> scan4jobs.com /admin/_templates/img fancy_shadow_sw.png
2012.08.26 10:56 B C:\Users\srilakshmi\Desktop\jobberbase-1_9_1\jobberbase-1.9.1\public\admin\_templates\img\fancy_shadow_w.png --> scan4jobs.com /admin/_templates/img fancy_shadow_w.png
2012.08.26 10:56 B C:\Users\srilakshmi\Desktop\jobberbase-1_9_1\jobberbase-1.9.1\public\admin\_templates\img\fancy_title_left.png --> scan4jobs.com /admin/_templates/img fancy_title_left.png
2012.08.26 10:56 B C:\Users\srilakshmi\Desktop\jobberbase-1_9_1\jobberbase-1.9.1\public\admin\_templates\img\fancy_title_main.png --> scan4jobs.com /admin/_templates/img fancy_title_main.png
2012.08.26 10:56 B C:\Users\srilakshmi\Desktop\jobberbase-1_9_1\jobberbase-1.9.1\public\admin\_templates\img\fancy_title_right.png --> scan4jobs.com /admin/_templates/img fancy_title_right.png
2012.08.26 10:56 B C:\Users\srilakshmi\Desktop\jobberbase-1_9_1\jobberbase-1.9.1\public\admin\_templates\img\help.png --> scan4jobs.com /admin/_templates/img help.png
2012.08.26 10:56 B C:\Users\srilakshmi\Desktop\jobberbase-1_9_1\jobberbase-1.9.1\public\admin\_templates\img\home.png --> scan4jobs.com /admin/_templates/img home.png
2012.08.26 10:56 B C:\Users\srilakshmi\Desktop\jobberbase-1_9_1\jobberbase-1.9.1\public\admin\_templates\img\inactive.png --> scan4jobs.com /admin/_templates/img inactive.png
2012.08.26 10:56 B C:\Users\srilakshmi\Desktop\jobberbase-1_9_1\jobberbase-1.9.1\public\admin\_templates\img\information-balloon.png --> scan4jobs.com /admin/_templates/img information-balloon.png
2012.08.26 10:56 B C:\Users\srilakshmi\Desktop\jobberbase-1_9_1\jobberbase-1.9.1\public\admin\_templates\img\information.png --> scan4jobs.com /admin/_templates/img information.png
2012.08.26 10:56 B C:\Users\srilakshmi\Desktop\jobberbase-1_9_1\jobberbase-1.9.1\public\admin\_templates\img\job_types.png --> scan4jobs.com /admin/_templates/img job_types.png
2012.08.26 10:56 B C:\Users\srilakshmi\Desktop\jobberbase-1_9_1\jobberbase-1.9.1\public\admin\_templates\img\jobberbase.gif --> scan4jobs.com /admin/_templates/img jobberbase.gif
2012.08.26 10:56 B C:\Users\srilakshmi\Desktop\jobberbase-1_9_1\jobberbase-1.9.1\public\admin\_templates\img\jobs.png --> scan4jobs.com /admin/_templates/img jobs.png
2012.08.26 10:56 B C:\Users\srilakshmi\Desktop\jobberbase-1_9_1\jobberbase-1.9.1\public\admin\_templates\img\li.png --> scan4jobs.com /admin/_templates/img li.png
2012.08.26 10:56 B C:\Users\srilakshmi\Desktop\jobberbase-1_9_1\jobberbase-1.9.1\public\admin\_templates\img\li_ul_li-hover.png --> scan4jobs.com /admin/_templates/img li_ul_li-hover.png
2012.08.26 10:56 B C:\Users\srilakshmi\Desktop\jobberbase-1_9_1\jobberbase-1.9.1\public\admin\_templates\img\links.png --> scan4jobs.com /admin/_templates/img links.png
2012.08.26 10:56 B C:\Users\srilakshmi\Desktop\jobberbase-1_9_1\jobberbase-1.9.1\public\admin\_templates\img\lock.png --> scan4jobs.com /admin/_templates/img lock.png
2012.08.26 10:56 B C:\Users\srilakshmi\Desktop\jobberbase-1_9_1\jobberbase-1.9.1\public\admin\_templates\img\lock_error.png --> scan4jobs.com /admin/_templates/img lock_error.png
2012.08.26 10:57 B C:\Users\srilakshmi\Desktop\jobberbase-1_9_1\jobberbase-1.9.1\public\admin\_templates\img\note.png --> scan4jobs.com /admin/_templates/img note.png
2012.08.26 10:57 B C:\Users\srilakshmi\Desktop\jobberbase-1_9_1\jobberbase-1.9.1\public\admin\_templates\img\password.png --> scan4jobs.com /admin/_templates/img password.png
2012.08.26 10:57 B C:\Users\srilakshmi\Desktop\jobberbase-1_9_1\jobberbase-1.9.1\public\admin\_templates\img\pencil.png --> scan4jobs.com /admin/_templates/img pencil.png
2012.08.26 10:57 B C:\Users\srilakshmi\Desktop\jobberbase-1_9_1\jobberbase-1.9.1\public\admin\_templates\img\plus-button.png --> scan4jobs.com /admin/_templates/img plus-button.png
2012.08.26 10:57 B C:\Users\srilakshmi\Desktop\jobberbase-1_9_1\jobberbase-1.9.1\public\admin\_templates\img\settings.png --> scan4jobs.com /admin/_templates/img settings.png
2012.08.26 10:57 B C:\Users\srilakshmi\Desktop\jobberbase-1_9_1\jobberbase-1.9.1\public\admin\_templates\img\shadow.png --> scan4jobs.com /admin/_templates/img shadow.png
2012.08.26 10:57 B C:\Users\srilakshmi\Desktop\jobberbase-1_9_1\jobberbase-1.9.1\public\admin\_templates\img\star_off.png --> scan4jobs.com /admin/_templates/img star_off.png
2012.08.26 10:57 B C:\Users\srilakshmi\Desktop\jobberbase-1_9_1\jobberbase-1.9.1\public\admin\_templates\img\star_on.png --> scan4jobs.com /admin/_templates/img star_on.png
2012.08.26 10:57 B C:\Users\srilakshmi\Desktop\jobberbase-1_9_1\jobberbase-1.9.1\public\admin\_templates\img\stats.png --> scan4jobs.com /admin/_templates/img stats.png
2012.08.26 10:57 B C:\Users\srilakshmi\Desktop\jobberbase-1_9_1\jobberbase-1.9.1\public\admin\_templates\img\switch.png --> scan4jobs.com /admin/_templates/img switch.png
2012.08.26 10:57 B C:\Users\srilakshmi\Desktop\jobberbase-1_9_1\jobberbase-1.9.1\public\admin\_templates\img\switch_off.png --> scan4jobs.com /admin/_templates/img switch_off.png
2012.08.26 10:57 B C:\Users\srilakshmi\Desktop\jobberbase-1_9_1\jobberbase-1.9.1\public\admin\_templates\img\tick.png --> scan4jobs.com /admin/_templates/img tick.png
2012.08.26 10:57 B C:\Users\srilakshmi\Desktop\jobberbase-1_9_1\jobberbase-1.9.1\public\admin\_templates\img\user.png --> scan4jobs.com /admin/_templates/img user.png
2012.08.26 10:57 B C:\Users\srilakshmi\Desktop\jobberbase-1_9_1\jobberbase-1.9.1\public\admin\_templates\img\user_error.png --> scan4jobs.com /admin/_templates/img user_error.png
2012.11.09 16:37 B C:\Users\admin\Documents\scan4job\admin\_templates\img\WS_FTP.LOG <-- scan4jobs.com /admin/_templates/img WS_FTP.LOG
