2012.08.23 21:57 B C:\Users\srilakshmi\Desktop\jobberbase-1_9_1\jobberbase-1.9.1\public\_templates\default\all-jobs-header.tpl --> scan4jobs.com /_templates/default all-jobs-header.tpl
2012.08.23 21:57 B C:\Users\srilakshmi\Desktop\jobberbase-1_9_1\jobberbase-1.9.1\public\_templates\default\category.tpl --> scan4jobs.com /_templates/default category.tpl
2012.08.23 21:57 B C:\Users\srilakshmi\Desktop\jobberbase-1_9_1\jobberbase-1.9.1\public\_templates\default\cities.tpl --> scan4jobs.com /_templates/default cities.tpl
2012.08.23 21:57 B C:\Users\srilakshmi\Desktop\jobberbase-1_9_1\jobberbase-1.9.1\public\_templates\default\city-jobs-header.tpl --> scan4jobs.com /_templates/default city-jobs-header.tpl
2012.08.23 21:57 B C:\Users\srilakshmi\Desktop\jobberbase-1_9_1\jobberbase-1.9.1\public\_templates\default\companies.tpl --> scan4jobs.com /_templates/default companies.tpl
2012.08.23 21:58 B C:\Users\srilakshmi\Desktop\jobberbase-1_9_1\jobberbase-1.9.1\public\_templates\default\company-posts-loop.tpl --> scan4jobs.com /_templates/default company-posts-loop.tpl
2012.08.23 21:58 B C:\Users\srilakshmi\Desktop\jobberbase-1_9_1\jobberbase-1.9.1\public\_templates\default\company.tpl --> scan4jobs.com /_templates/default company.tpl
2012.08.23 21:58 B C:\Users\srilakshmi\Desktop\jobberbase-1_9_1\jobberbase-1.9.1\public\_templates\default\error.tpl --> scan4jobs.com /_templates/default error.tpl
2012.08.23 21:58 B C:\Users\srilakshmi\Desktop\jobberbase-1_9_1\jobberbase-1.9.1\public\_templates\default\footer.tpl --> scan4jobs.com /_templates/default footer.tpl
2012.08.23 21:58 B C:\Users\srilakshmi\Desktop\jobberbase-1_9_1\jobberbase-1.9.1\public\_templates\default\header.tpl --> scan4jobs.com /_templates/default header.tpl
2012.08.23 21:58 B C:\Users\srilakshmi\Desktop\jobberbase-1_9_1\jobberbase-1.9.1\public\_templates\default\home.tpl --> scan4jobs.com /_templates/default home.tpl
2012.08.23 21:58 B C:\Users\srilakshmi\Desktop\jobberbase-1_9_1\jobberbase-1.9.1\public\_templates\default\index.php --> scan4jobs.com /_templates/default index.php
2012.08.23 21:58 B C:\Users\srilakshmi\Desktop\jobberbase-1_9_1\jobberbase-1.9.1\public\_templates\default\index.tpl --> scan4jobs.com /_templates/default index.tpl
2012.08.23 21:58 B C:\Users\srilakshmi\Desktop\jobberbase-1_9_1\jobberbase-1.9.1\public\_templates\default\installer.tpl --> scan4jobs.com /_templates/default installer.tpl
2012.08.23 21:58 B C:\Users\srilakshmi\Desktop\jobberbase-1_9_1\jobberbase-1.9.1\public\_templates\default\job-details.tpl --> scan4jobs.com /_templates/default job-details.tpl
2012.08.23 21:58 B C:\Users\srilakshmi\Desktop\jobberbase-1_9_1\jobberbase-1.9.1\public\_templates\default\job.tpl --> scan4jobs.com /_templates/default job.tpl
2012.08.23 21:58 B C:\Users\srilakshmi\Desktop\jobberbase-1_9_1\jobberbase-1.9.1\public\_templates\default\jobs-list.tpl --> scan4jobs.com /_templates/default jobs-list.tpl
2012.08.23 21:58 B C:\Users\srilakshmi\Desktop\jobberbase-1_9_1\jobberbase-1.9.1\public\_templates\default\no-job.tpl --> scan4jobs.com /_templates/default no-job.tpl
2012.08.23 21:58 B C:\Users\srilakshmi\Desktop\jobberbase-1_9_1\jobberbase-1.9.1\public\_templates\default\other-cities-jobs-header.tpl --> scan4jobs.com /_templates/default other-cities-jobs-header.tpl
2012.08.23 21:58 B C:\Users\srilakshmi\Desktop\jobberbase-1_9_1\jobberbase-1.9.1\public\_templates\default\page.tpl --> scan4jobs.com /_templates/default page.tpl
2012.08.23 21:58 B C:\Users\srilakshmi\Desktop\jobberbase-1_9_1\jobberbase-1.9.1\public\_templates\default\posts-loop.tpl --> scan4jobs.com /_templates/default posts-loop.tpl
2012.08.23 21:58 B C:\Users\srilakshmi\Desktop\jobberbase-1_9_1\jobberbase-1.9.1\public\_templates\default\publish-confirmation.tpl --> scan4jobs.com /_templates/default publish-confirmation.tpl
2012.08.23 21:58 B C:\Users\srilakshmi\Desktop\jobberbase-1_9_1\jobberbase-1.9.1\public\_templates\default\publish-verify.tpl --> scan4jobs.com /_templates/default publish-verify.tpl
2012.08.23 21:58 B C:\Users\srilakshmi\Desktop\jobberbase-1_9_1\jobberbase-1.9.1\public\_templates\default\publish-write.tpl --> scan4jobs.com /_templates/default publish-write.tpl
2012.08.23 21:58 B C:\Users\srilakshmi\Desktop\jobberbase-1_9_1\jobberbase-1.9.1\public\_templates\default\rss.tpl --> scan4jobs.com /_templates/default rss.tpl
2012.08.23 21:58 B C:\Users\srilakshmi\Desktop\jobberbase-1_9_1\jobberbase-1.9.1\public\_templates\default\search.tpl --> scan4jobs.com /_templates/default search.tpl
2012.08.23 21:58 B C:\Users\srilakshmi\Desktop\jobberbase-1_9_1\jobberbase-1.9.1\public\_templates\default\sidebar.tpl --> scan4jobs.com /_templates/default sidebar.tpl
2012.08.23 21:58 B C:\Users\srilakshmi\Desktop\jobberbase-1_9_1\jobberbase-1.9.1\public\_templates\default\sitemap.tpl --> scan4jobs.com /_templates/default sitemap.tpl
2012.08.23 21:58 B C:\Users\srilakshmi\Desktop\jobberbase-1_9_1\jobberbase-1.9.1\public\_templates\default\widgets.tpl --> scan4jobs.com /_templates/default widgets.tpl
2012.08.24 12:36 B C:\xampp\htdocs\jobberbase\public\_templates\default\all-jobs-header.tpl --> scan4jobs.com /_templates/default all-jobs-header.tpl
2012.08.24 12:36 B C:\xampp\htdocs\jobberbase\public\_templates\default\category.tpl --> scan4jobs.com /_templates/default category.tpl
2012.08.24 12:36 B C:\xampp\htdocs\jobberbase\public\_templates\default\cities.tpl --> scan4jobs.com /_templates/default cities.tpl
2012.08.24 12:36 B C:\xampp\htdocs\jobberbase\public\_templates\default\city-jobs-header.tpl --> scan4jobs.com /_templates/default city-jobs-header.tpl
2012.08.24 12:36 B C:\xampp\htdocs\jobberbase\public\_templates\default\companies.tpl --> scan4jobs.com /_templates/default companies.tpl
2012.08.24 12:37 B C:\xampp\htdocs\jobberbase\public\_templates\default\company-posts-loop.tpl --> scan4jobs.com /_templates/default company-posts-loop.tpl
2012.08.24 12:37 B C:\xampp\htdocs\jobberbase\public\_templates\default\company.tpl --> scan4jobs.com /_templates/default company.tpl
2012.08.24 12:37 B C:\xampp\htdocs\jobberbase\public\_templates\default\error.tpl --> scan4jobs.com /_templates/default error.tpl
2012.08.24 12:37 B C:\xampp\htdocs\jobberbase\public\_templates\default\footer.tpl --> scan4jobs.com /_templates/default footer.tpl
2012.08.24 12:37 B C:\xampp\htdocs\jobberbase\public\_templates\default\header.tpl --> scan4jobs.com /_templates/default header.tpl
2012.08.24 12:37 B C:\xampp\htdocs\jobberbase\public\_templates\default\home.tpl --> scan4jobs.com /_templates/default home.tpl
2012.08.24 12:37 B C:\xampp\htdocs\jobberbase\public\_templates\default\index.php --> scan4jobs.com /_templates/default index.php
2012.08.24 12:37 B C:\xampp\htdocs\jobberbase\public\_templates\default\index.tpl --> scan4jobs.com /_templates/default index.tpl
2012.08.24 12:37 B C:\xampp\htdocs\jobberbase\public\_templates\default\installer.tpl --> scan4jobs.com /_templates/default installer.tpl
2012.08.24 12:37 B C:\xampp\htdocs\jobberbase\public\_templates\default\job-details.tpl --> scan4jobs.com /_templates/default job-details.tpl
2012.08.24 12:37 B C:\xampp\htdocs\jobberbase\public\_templates\default\job.tpl --> scan4jobs.com /_templates/default job.tpl
2012.08.24 12:37 B C:\xampp\htdocs\jobberbase\public\_templates\default\jobs-list.tpl --> scan4jobs.com /_templates/default jobs-list.tpl
2012.08.24 12:37 B C:\xampp\htdocs\jobberbase\public\_templates\default\no-job.tpl --> scan4jobs.com /_templates/default no-job.tpl
2012.08.24 12:37 B C:\xampp\htdocs\jobberbase\public\_templates\default\other-cities-jobs-header.tpl --> scan4jobs.com /_templates/default other-cities-jobs-header.tpl
2012.08.24 12:37 B C:\xampp\htdocs\jobberbase\public\_templates\default\page.tpl --> scan4jobs.com /_templates/default page.tpl
2012.08.24 12:37 B C:\xampp\htdocs\jobberbase\public\_templates\default\posts-loop.tpl --> scan4jobs.com /_templates/default posts-loop.tpl
2012.08.24 12:37 B C:\xampp\htdocs\jobberbase\public\_templates\default\publish-confirmation.tpl --> scan4jobs.com /_templates/default publish-confirmation.tpl
2012.08.24 12:37 B C:\xampp\htdocs\jobberbase\public\_templates\default\publish-verify.tpl --> scan4jobs.com /_templates/default publish-verify.tpl
2012.08.24 12:37 B C:\xampp\htdocs\jobberbase\public\_templates\default\publish-write.tpl --> scan4jobs.com /_templates/default publish-write.tpl
2012.08.24 12:37 B C:\xampp\htdocs\jobberbase\public\_templates\default\rss.tpl --> scan4jobs.com /_templates/default rss.tpl
2012.08.24 12:37 B C:\xampp\htdocs\jobberbase\public\_templates\default\search.tpl --> scan4jobs.com /_templates/default search.tpl
2012.08.24 12:37 B C:\xampp\htdocs\jobberbase\public\_templates\default\sidebar.tpl --> scan4jobs.com /_templates/default sidebar.tpl
2012.08.24 12:37 B C:\xampp\htdocs\jobberbase\public\_templates\default\sitemap.tpl --> scan4jobs.com /_templates/default sitemap.tpl
2012.08.24 12:37 B C:\xampp\htdocs\jobberbase\public\_templates\default\widgets.tpl --> scan4jobs.com /_templates/default widgets.tpl
2012.08.24 12:37 B C:\xampp\htdocs\jobberbase\public\_templates\default\WS_FTP.LOG --> scan4jobs.com /_templates/default WS_FTP.LOG
2012.08.24 23:03 B C:\xampp\htdocs\jobberbase\public\_templates\default\all-jobs-header.tpl --> scan4jobs.com /_templates/default all-jobs-header.tpl
2012.08.24 23:03 B C:\xampp\htdocs\jobberbase\public\_templates\default\category.tpl --> scan4jobs.com /_templates/default category.tpl
2012.08.24 23:03 B C:\xampp\htdocs\jobberbase\public\_templates\default\cities.tpl --> scan4jobs.com /_templates/default cities.tpl
2012.08.24 23:03 B C:\xampp\htdocs\jobberbase\public\_templates\default\city-jobs-header.tpl --> scan4jobs.com /_templates/default city-jobs-header.tpl
2012.08.24 23:03 B C:\xampp\htdocs\jobberbase\public\_templates\default\companies.tpl --> scan4jobs.com /_templates/default companies.tpl
2012.08.24 23:03 B C:\xampp\htdocs\jobberbase\public\_templates\default\company-posts-loop.tpl --> scan4jobs.com /_templates/default company-posts-loop.tpl
2012.08.24 23:03 B C:\xampp\htdocs\jobberbase\public\_templates\default\company.tpl --> scan4jobs.com /_templates/default company.tpl
2012.08.24 23:03 B C:\xampp\htdocs\jobberbase\public\_templates\default\error.tpl --> scan4jobs.com /_templates/default error.tpl
2012.08.24 23:03 B C:\xampp\htdocs\jobberbase\public\_templates\default\footer.tpl --> scan4jobs.com /_templates/default footer.tpl
2012.08.24 23:03 B C:\xampp\htdocs\jobberbase\public\_templates\default\header.tpl --> scan4jobs.com /_templates/default header.tpl
2012.08.24 23:03 B C:\xampp\htdocs\jobberbase\public\_templates\default\home.tpl --> scan4jobs.com /_templates/default home.tpl
2012.08.24 23:03 B C:\xampp\htdocs\jobberbase\public\_templates\default\index.php --> scan4jobs.com /_templates/default index.php
2012.08.24 23:03 B C:\xampp\htdocs\jobberbase\public\_templates\default\index.tpl --> scan4jobs.com /_templates/default index.tpl
2012.08.24 23:03 B C:\xampp\htdocs\jobberbase\public\_templates\default\installer.tpl --> scan4jobs.com /_templates/default installer.tpl
2012.08.24 23:03 B C:\xampp\htdocs\jobberbase\public\_templates\default\job-details.tpl --> scan4jobs.com /_templates/default job-details.tpl
2012.08.24 23:03 B C:\xampp\htdocs\jobberbase\public\_templates\default\job.tpl --> scan4jobs.com /_templates/default job.tpl
2012.08.24 23:03 B C:\xampp\htdocs\jobberbase\public\_templates\default\jobs-list.tpl --> scan4jobs.com /_templates/default jobs-list.tpl
2012.08.24 23:03 B C:\xampp\htdocs\jobberbase\public\_templates\default\no-job.tpl --> scan4jobs.com /_templates/default no-job.tpl
2012.08.24 23:03 B C:\xampp\htdocs\jobberbase\public\_templates\default\other-cities-jobs-header.tpl --> scan4jobs.com /_templates/default other-cities-jobs-header.tpl
2012.08.24 23:03 B C:\xampp\htdocs\jobberbase\public\_templates\default\page.tpl --> scan4jobs.com /_templates/default page.tpl
2012.08.24 23:03 B C:\xampp\htdocs\jobberbase\public\_templates\default\posts-loop.tpl --> scan4jobs.com /_templates/default posts-loop.tpl
2012.08.24 23:03 B C:\xampp\htdocs\jobberbase\public\_templates\default\publish-confirmation.tpl --> scan4jobs.com /_templates/default publish-confirmation.tpl
2012.08.24 23:03 B C:\xampp\htdocs\jobberbase\public\_templates\default\publish-verify.tpl --> scan4jobs.com /_templates/default publish-verify.tpl
2012.08.24 23:03 B C:\xampp\htdocs\jobberbase\public\_templates\default\publish-write.tpl --> scan4jobs.com /_templates/default publish-write.tpl
2012.08.24 23:03 B C:\xampp\htdocs\jobberbase\public\_templates\default\rss.tpl --> scan4jobs.com /_templates/default rss.tpl
2012.08.24 23:03 B C:\xampp\htdocs\jobberbase\public\_templates\default\search.tpl --> scan4jobs.com /_templates/default search.tpl
2012.08.24 23:03 B C:\xampp\htdocs\jobberbase\public\_templates\default\sidebar.tpl --> scan4jobs.com /_templates/default sidebar.tpl
2012.08.24 23:03 B C:\xampp\htdocs\jobberbase\public\_templates\default\sitemap.tpl --> scan4jobs.com /_templates/default sitemap.tpl
2012.08.24 23:03 B C:\xampp\htdocs\jobberbase\public\_templates\default\widgets.tpl --> scan4jobs.com /_templates/default widgets.tpl
2012.11.09 16:32 B C:\Users\admin\Documents\scan4job\_templates\default\WS_FTP.LOG <-- scan4jobs.com /_templates/default WS_FTP.LOG
